# JRE version: OpenJDK Runtime Environment (8.0) (build 1.8.0-internal-jenkins_2017_07_27_20_16-b00)
# Java VM: GraalVM 1.0.0-rc3-dev (25.71-b01-internal-jvmci-unknown-45af0f62d4cd-2018-06-20_20-30-28_UTC mixed mode linux-amd64 compressed oops)
Heap:
 PSYoungGen      total 2790400K, used 560253K [0x00000006bdb00000, 0x00000007c0000000, 0x00000007c0000000)
  eden space 1411072K, 0% used [0x00000006bdb00000,0x00000006bdb00000,0x0000000713d00000)
  from space 1379328K, 40% used [0x000000076bd00000,0x000000078e01f788,0x00000007c0000000)
  to   space 1410560K, 0% used [0x0000000713d00000,0x0000000713d00000,0x0000000769e80000)
 ParOldGen       total 2067968K, used 2067673K [0x00000004b9000000, 0x0000000537380000, 0x00000006bdb00000)
  object space 2067968K, 99% used [0x00000004b9000000,0x0000000537336630,0x0000000537380000)
 Metaspace       used 152439K, capacity 156141K, committed 156456K, reserved 1179648K
  class space    used 24679K, capacity 25519K, committed 25648K, reserved 1048576K
GC Heap History (10 events):
Event: 33.371 GC heap after
Heap after GC invocations=30 (full 4):
 PSYoungGen      total 2179584K, used 823417K [0x00000006bdb00000, 0x000000078f900000, 0x00000007c0000000)
  eden space 1346560K, 0% used [0x00000006bdb00000,0x00000006bdb00000,0x000000070fe00000)
  from space 833024K, 98% used [0x000000074b000000,0x000000077d41e578,0x000000077dd80000)
  to   space 968704K, 0% used [0x000000070fe00000,0x000000070fe00000,0x000000074b000000)
 ParOldGen       total 2038272K, used 928047K [0x00000004b9000000, 0x0000000535680000, 0x00000006bdb00000)
  object space 2038272K, 45% used [0x00000004b9000000,0x00000004f1a4be28,0x0000000535680000)
 Metaspace       used 151770K, capacity 155377K, committed 155560K, reserved 1179648K
  class space    used 24593K, capacity 25405K, committed 25520K, reserved 1048576K
}
Event: 35.296 GC heap before
{Heap before GC invocations=31 (full 4):
 PSYoungGen      total 2179584K, used 2169977K [0x00000006bdb00000, 0x000000078f900000, 0x00000007c0000000)
  eden space 1346560K, 100% used [0x00000006bdb00000,0x000000070fe00000,0x000000070fe00000)
  from space 833024K, 98% used [0x000000074b000000,0x000000077d41e578,0x000000077dd80000)
  to   space 968704K, 0% used [0x000000070fe00000,0x000000070fe00000,0x000000074b000000)
 ParOldGen       total 2038272K, used 928047K [0x00000004b9000000, 0x0000000535680000, 0x00000006bdb00000)
  object space 2038272K, 45% used [0x00000004b9000000,0x00000004f1a4be28,0x0000000535680000)
 Metaspace       used 151955K, capacity 155619K, committed 155816K, reserved 1179648K
  class space    used 24623K, capacity 25452K, committed 25520K, reserved 1048576K
Event: 35.697 GC heap after
Heap after GC invocations=31 (full 4):
 PSYoungGen      total 2315264K, used 907372K [0x00000006bdb00000, 0x00000007a5880000, 0x00000007c0000000)
  eden space 1346560K, 0% used [0x00000006bdb00000,0x00000006bdb00000,0x000000070fe00000)
  from space 968704K, 93% used [0x000000070fe00000,0x000000074741b160,0x000000074b000000)
  to   space 1107968K, 0% used [0x0000000761e80000,0x0000000761e80000,0x00000007a5880000)
 ParOldGen       total 2038272K, used 1017221K [0x00000004b9000000, 0x0000000535680000, 0x00000006bdb00000)
  object space 2038272K, 49% used [0x00000004b9000000,0x00000004f71614e8,0x0000000535680000)
 Metaspace       used 151955K, capacity 155619K, committed 155816K, reserved 1179648K
  class space    used 24623K, capacity 25452K, committed 25520K, reserved 1048576K
}
Event: 36.833 GC heap before
{Heap before GC invocations=32 (full 4):
 PSYoungGen      total 2315264K, used 2253932K [0x00000006bdb00000, 0x00000007a5880000, 0x00000007c0000000)
  eden space 1346560K, 100% used [0x00000006bdb00000,0x000000070fe00000,0x000000070fe00000)
  from space 968704K, 93% used [0x000000070fe00000,0x000000074741b160,0x000000074b000000)
  to   space 1107968K, 0% used [0x0000000761e80000,0x0000000761e80000,0x00000007a5880000)
 ParOldGen       total 2038272K, used 1017221K [0x00000004b9000000, 0x0000000535680000, 0x00000006bdb00000)
  object space 2038272K, 49% used [0x00000004b9000000,0x00000004f71614e8,0x0000000535680000)
 Metaspace       used 152204K, capacity 155919K, committed 156072K, reserved 1179648K
  class space    used 24650K, capacity 25500K, committed 25520K, reserved 1048576K
Event: 37.435 GC heap after
Heap after GC invocations=32 (full 4):
 PSYoungGen      total 2522112K, used 1062024K [0x00000006bdb00000, 0x00000007bb500000, 0x00000007c0000000)
  eden space 1414144K, 0% used [0x00000006bdb00000,0x00000006bdb00000,0x0000000714000000)
  from space 1107968K, 95% used [0x0000000761e80000,0x00000007a2ba21d8,0x00000007a5880000)
  to   space 1276416K, 0% used [0x0000000714000000,0x0000000714000000,0x0000000761e80000)
 ParOldGen       total 2038272K, used 1315010K [0x00000004b9000000, 0x0000000535680000, 0x00000006bdb00000)
  object space 2038272K, 64% used [0x00000004b9000000,0x0000000509430950,0x0000000535680000)
 Metaspace       used 152204K, capacity 155919K, committed 156072K, reserved 1179648K
  class space    used 24650K, capacity 25500K, committed 25520K, reserved 1048576K
}
Event: 39.972 GC heap before
{Heap before GC invocations=33 (full 4):
 PSYoungGen      total 2522112K, used 2476168K [0x00000006bdb00000, 0x00000007bb500000, 0x00000007c0000000)
  eden space 1414144K, 100% used [0x00000006bdb00000,0x0000000714000000,0x0000000714000000)
  from space 1107968K, 95% used [0x0000000761e80000,0x00000007a2ba21d8,0x00000007a5880000)
  to   space 1276416K, 0% used [0x0000000714000000,0x0000000714000000,0x0000000761e80000)
 ParOldGen       total 2038272K, used 1315010K [0x00000004b9000000, 0x0000000535680000, 0x00000006bdb00000)
  object space 2038272K, 64% used [0x00000004b9000000,0x0000000509430950,0x0000000535680000)
 Metaspace       used 152330K, capacity 156123K, committed 156328K, reserved 1179648K
  class space    used 24673K, capacity 25516K, committed 25520K, reserved 1048576K
Event: 40.393 GC heap after
Heap after GC invocations=33 (full 4):
 PSYoungGen      total 2690560K, used 978016K [0x00000006bdb00000, 0x00000007c0000000, 0x00000007c0000000)
  eden space 1414144K, 0% used [0x00000006bdb00000,0x00000006bdb00000,0x0000000714000000)
  from space 1276416K, 76% used [0x0000000714000000,0x000000074fb18110,0x0000000761e80000)
  to   space 1379328K, 0% used [0x000000076bd00000,0x000000076bd00000,0x00000007c0000000)
 ParOldGen       total 2038272K, used 1589482K [0x00000004b9000000, 0x0000000535680000, 0x00000006bdb00000)
  object space 2038272K, 77% used [0x00000004b9000000,0x000000051a03aad8,0x0000000535680000)
 Metaspace       used 152330K, capacity 156123K, committed 156328K, reserved 1179648K
  class space    used 24673K, capacity 25516K, committed 25520K, reserved 1048576K
}
Event: 42.095 GC heap before
{Heap before GC invocations=34 (full 4):
 PSYoungGen      total 2690560K, used 2392160K [0x00000006bdb00000, 0x00000007c0000000, 0x00000007c0000000)
  eden space 1414144K, 100% used [0x00000006bdb00000,0x0000000714000000,0x0000000714000000)
  from space 1276416K, 76% used [0x0000000714000000,0x000000074fb18110,0x0000000761e80000)
  to   space 1379328K, 0% used [0x000000076bd00000,0x000000076bd00000,0x00000007c0000000)
 ParOldGen       total 2038272K, used 1589482K [0x00000004b9000000, 0x0000000535680000, 0x00000006bdb00000)
  object space 2038272K, 77% used [0x00000004b9000000,0x000000051a03aad8,0x0000000535680000)
 Metaspace       used 152514K, capacity 156335K, committed 156456K, reserved 1179648K
  class space    used 24705K, capacity 25564K, committed 25648K, reserved 1048576K
Event: 42.649 GC heap after
Heap after GC invocations=34 (full 4):
 PSYoungGen      total 2790400K, used 931534K [0x00000006bdb00000, 0x00000007c0000000, 0x00000007c0000000)
  eden space 1411072K, 0% used [0x00000006bdb00000,0x00000006bdb00000,0x0000000713d00000)
  from space 1379328K, 67% used [0x000000076bd00000,0x00000007a4ab3808,0x00000007c0000000)
  to   space 1410560K, 0% used [0x0000000713d00000,0x0000000713d00000,0x0000000769e80000)
 ParOldGen       total 2067968K, used 2067234K [0x00000004b9000000, 0x0000000537380000, 0x00000006bdb00000)
  object space 2067968K, 99% used [0x00000004b9000000,0x00000005372c8880,0x0000000537380000)
 Metaspace       used 152514K, capacity 156335K, committed 156456K, reserved 1179648K
  class space    used 24705K, capacity 25564K, committed 25648K, reserved 1048576K
}
Event: 42.649 GC heap before
{Heap before GC invocations=35 (full 5):
 PSYoungGen      total 2790400K, used 931534K [0x00000006bdb00000, 0x00000007c0000000, 0x00000007c0000000)
  eden space 1411072K, 0% used [0x00000006bdb00000,0x00000006bdb00000,0x0000000713d00000)
  from space 1379328K, 67% used [0x000000076bd00000,0x00000007a4ab3808,0x00000007c0000000)
  to   space 1410560K, 0% used [0x0000000713d00000,0x0000000713d00000,0x0000000769e80000)
 ParOldGen       total 2067968K, used 2067234K [0x00000004b9000000, 0x0000000537380000, 0x00000006bdb00000)
  object space 2067968K, 99% used [0x00000004b9000000,0x00000005372c8880,0x0000000537380000)
 Metaspace       used 152514K, capacity 156335K, committed 156456K, reserved 1179648K
  class space    used 24705K, capacity 25564K, committed 25648K, reserved 1048576K

