# JRE version: OpenJDK Runtime Environment (8.0) (build 1.8.0-internal-jenkins_2017_07_27_20_16-b00)
# Java VM: GraalVM 1.0.0-rc6-dev (25.71-b01-internal-jvmci-unknown-bab188593314-2018-07-25_22-10-09_UTC mixed mode linux-amd64 compressed oops)
Heap:
 PSYoungGen      total 2229248K, used 73278K [0x00000006bdb00000, 0x0000000755500000, 0x00000007c0000000)
  eden space 1974272K, 0% used [0x00000006bdb00000,0x00000006bdb00000,0x0000000736300000)
  from space 254976K, 28% used [0x0000000736300000,0x000000073aa8f9a8,0x0000000745c00000)
  to   space 209920K, 0% used [0x0000000748800000,0x0000000748800000,0x0000000755500000)
 ParOldGen       total 1013248K, used 576841K [0x00000004b9000000, 0x00000004f6d80000, 0x00000006bdb00000)
  object space 1013248K, 56% used [0x00000004b9000000,0x00000004dc352650,0x00000004f6d80000)
 Metaspace       used 83198K, capacity 85282K, committed 85504K, reserved 1120256K
  class space    used 13548K, capacity 13995K, committed 14080K, reserved 1048576K
GC Heap History (10 events):
Event: 33.139 GC heap after
Heap after GC invocations=15 (full 3):
 PSYoungGen      total 1175040K, used 139763K [0x00000006bdb00000, 0x000000071b880000, 0x00000007c0000000)
  eden space 1035264K, 0% used [0x00000006bdb00000,0x00000006bdb00000,0x00000006fce00000)
  from space 139776K, 99% used [0x0000000707c00000,0x000000071047cea0,0x0000000710480000)
  to   space 178176K, 0% used [0x00000006fce00000,0x00000006fce00000,0x0000000707c00000)
 ParOldGen       total 1013248K, used 229881K [0x00000004b9000000, 0x00000004f6d80000, 0x00000006bdb00000)
  object space 1013248K, 22% used [0x00000004b9000000,0x00000004c707e458,0x00000004f6d80000)
 Metaspace       used 81753K, capacity 83584K, committed 83712K, reserved 1120256K
  class space    used 13354K, capacity 13742K, committed 13824K, reserved 1048576K
}
Event: 42.221 GC heap before
{Heap before GC invocations=16 (full 3):
 PSYoungGen      total 1175040K, used 1175027K [0x00000006bdb00000, 0x000000071b880000, 0x00000007c0000000)
  eden space 1035264K, 100% used [0x00000006bdb00000,0x00000006fce00000,0x00000006fce00000)
  from space 139776K, 99% used [0x0000000707c00000,0x000000071047cea0,0x0000000710480000)
  to   space 178176K, 0% used [0x00000006fce00000,0x00000006fce00000,0x0000000707c00000)
 ParOldGen       total 1013248K, used 229881K [0x00000004b9000000, 0x00000004f6d80000, 0x00000006bdb00000)
  object space 1013248K, 22% used [0x00000004b9000000,0x00000004c707e458,0x00000004f6d80000)
 Metaspace       used 81811K, capacity 83636K, committed 83712K, reserved 1120256K
  class space    used 13362K, capacity 13754K, committed 13824K, reserved 1048576K
Event: 43.825 GC heap after
Heap after GC invocations=16 (full 3):
 PSYoungGen      total 1213440K, used 178164K [0x00000006bdb00000, 0x0000000730080000, 0x00000007c0000000)
  eden space 1035264K, 0% used [0x00000006bdb00000,0x00000006bdb00000,0x00000006fce00000)
  from space 178176K, 99% used [0x00000006fce00000,0x0000000707bfd2c0,0x0000000707c00000)
  to   space 221184K, 0% used [0x0000000722880000,0x0000000722880000,0x0000000730080000)
 ParOldGen       total 1013248K, used 264043K [0x00000004b9000000, 0x00000004f6d80000, 0x00000006bdb00000)
  object space 1013248K, 26% used [0x00000004b9000000,0x00000004c91daff8,0x00000004f6d80000)
 Metaspace       used 81811K, capacity 83636K, committed 83712K, reserved 1120256K
  class space    used 13362K, capacity 13754K, committed 13824K, reserved 1048576K
}
Event: 46.781 GC heap before
{Heap before GC invocations=17 (full 3):
 PSYoungGen      total 1213440K, used 1213428K [0x00000006bdb00000, 0x0000000730080000, 0x00000007c0000000)
  eden space 1035264K, 100% used [0x00000006bdb00000,0x00000006fce00000,0x00000006fce00000)
  from space 178176K, 99% used [0x00000006fce00000,0x0000000707bfd2c0,0x0000000707c00000)
  to   space 221184K, 0% used [0x0000000722880000,0x0000000722880000,0x0000000730080000)
 ParOldGen       total 1013248K, used 264043K [0x00000004b9000000, 0x00000004f6d80000, 0x00000006bdb00000)
  object space 1013248K, 26% used [0x00000004b9000000,0x00000004c91daff8,0x00000004f6d80000)
 Metaspace       used 81988K, capacity 83864K, committed 83968K, reserved 1120256K
  class space    used 13392K, capacity 13774K, committed 13824K, reserved 1048576K
Event: 47.463 GC heap after
Heap after GC invocations=17 (full 3):
 PSYoungGen      total 1622016K, used 200705K [0x00000006bdb00000, 0x0000000735180000, 0x00000007c0000000)
  eden space 1400832K, 0% used [0x00000006bdb00000,0x00000006bdb00000,0x0000000713300000)
  from space 221184K, 90% used [0x0000000722880000,0x000000072ec80538,0x0000000730080000)
  to   space 251392K, 0% used [0x0000000713300000,0x0000000713300000,0x0000000722880000)
 ParOldGen       total 1013248K, used 312436K [0x00000004b9000000, 0x00000004f6d80000, 0x00000006bdb00000)
  object space 1013248K, 30% used [0x00000004b9000000,0x00000004cc11d0f0,0x00000004f6d80000)
 Metaspace       used 81988K, capacity 83864K, committed 83968K, reserved 1120256K
  class space    used 13392K, capacity 13774K, committed 13824K, reserved 1048576K
}
Event: 51.091 GC heap before
{Heap before GC invocations=18 (full 3):
 PSYoungGen      total 1622016K, used 1601537K [0x00000006bdb00000, 0x0000000735180000, 0x00000007c0000000)
  eden space 1400832K, 100% used [0x00000006bdb00000,0x0000000713300000,0x0000000713300000)
  from space 221184K, 90% used [0x0000000722880000,0x000000072ec80538,0x0000000730080000)
  to   space 251392K, 0% used [0x0000000713300000,0x0000000713300000,0x0000000722880000)
 ParOldGen       total 1013248K, used 312436K [0x00000004b9000000, 0x00000004f6d80000, 0x00000006bdb00000)
  object space 1013248K, 30% used [0x00000004b9000000,0x00000004cc11d0f0,0x00000004f6d80000)
 Metaspace       used 82077K, capacity 83946K, committed 84224K, reserved 1120256K
  class space    used 13394K, capacity 13777K, committed 13824K, reserved 1048576K
Event: 52.375 GC heap after
Heap after GC invocations=18 (full 3):
 PSYoungGen      total 1652224K, used 181160K [0x00000006bdb00000, 0x0000000758d80000, 0x00000007c0000000)
  eden space 1400832K, 0% used [0x00000006bdb00000,0x00000006bdb00000,0x0000000713300000)
  from space 251392K, 72% used [0x0000000713300000,0x000000071e3ea340,0x0000000722880000)
  to   space 267776K, 0% used [0x0000000748800000,0x0000000748800000,0x0000000758d80000)
 ParOldGen       total 1013248K, used 382357K [0x00000004b9000000, 0x00000004f6d80000, 0x00000006bdb00000)
  object space 1013248K, 37% used [0x00000004b9000000,0x00000004d05657b0,0x00000004f6d80000)
 Metaspace       used 82077K, capacity 83946K, committed 84224K, reserved 1120256K
  class space    used 13394K, capacity 13777K, committed 13824K, reserved 1048576K
}
Event: 56.191 GC heap before
{Heap before GC invocations=19 (full 3):
 PSYoungGen      total 1652224K, used 1581992K [0x00000006bdb00000, 0x0000000758d80000, 0x00000007c0000000)
  eden space 1400832K, 100% used [0x00000006bdb00000,0x0000000713300000,0x0000000713300000)
  from space 251392K, 72% used [0x0000000713300000,0x000000071e3ea340,0x0000000722880000)
  to   space 267776K, 0% used [0x0000000748800000,0x0000000748800000,0x0000000758d80000)
 ParOldGen       total 1013248K, used 382357K [0x00000004b9000000, 0x00000004f6d80000, 0x00000006bdb00000)
  object space 1013248K, 37% used [0x00000004b9000000,0x00000004d05657b0,0x00000004f6d80000)
 Metaspace       used 82398K, capacity 84322K, committed 84608K, reserved 1120256K
  class space    used 13419K, capacity 13831K, committed 13952K, reserved 1048576K
Event: 56.404 GC heap after
Heap after GC invocations=19 (full 3):
 PSYoungGen      total 2184192K, used 82409K [0x00000006bdb00000, 0x0000000755500000, 0x00000007c0000000)
  eden space 1974272K, 0% used [0x00000006bdb00000,0x00000006bdb00000,0x0000000736300000)
  from space 209920K, 39% used [0x0000000748800000,0x000000074d87a460,0x0000000755500000)
  to   space 254976K, 0% used [0x0000000736300000,0x0000000736300000,0x0000000745c00000)
 ParOldGen       total 1013248K, used 505814K [0x00000004b9000000, 0x00000004f6d80000, 0x00000006bdb00000)
  object space 1013248K, 49% used [0x00000004b9000000,0x00000004d7df5a98,0x00000004f6d80000)
 Metaspace       used 82398K, capacity 84322K, committed 84608K, reserved 1120256K
  class space    used 13419K, capacity 13831K, committed 13952K, reserved 1048576K
}
Event: 59.487 GC heap before
{Heap before GC invocations=20 (full 3):
 PSYoungGen      total 2184192K, used 2056681K [0x00000006bdb00000, 0x0000000755500000, 0x00000007c0000000)
  eden space 1974272K, 100% used [0x00000006bdb00000,0x0000000736300000,0x0000000736300000)
  from space 209920K, 39% used [0x0000000748800000,0x000000074d87a460,0x0000000755500000)
  to   space 254976K, 0% used [0x0000000736300000,0x0000000736300000,0x0000000745c00000)
 ParOldGen       total 1013248K, used 505814K [0x00000004b9000000, 0x00000004f6d80000, 0x00000006bdb00000)
  object space 1013248K, 49% used [0x00000004b9000000,0x00000004d7df5a98,0x00000004f6d80000)
 Metaspace       used 83198K, capacity 85282K, committed 85504K, reserved 1120256K
  class space    used 13548K, capacity 13995K, committed 14080K, reserved 1048576K

