# JRE version: OpenJDK Runtime Environment (8.0) (build 1.8.0-internal-jenkins_2017_07_27_20_16-b00)
# Java VM: GraalVM 1.0.0-rc3-dev (25.71-b01-internal-jvmci-unknown-45af0f62d4cd-2018-06-20_20-30-28_UTC mixed mode linux-amd64 compressed oops)
Heap:
 PSYoungGen      total 2821632K, used 0K [0x00000006bdb00000, 0x00000007c0000000, 0x00000007c0000000)
  eden space 1411072K, 0% used [0x00000006bdb00000,0x00000006bdb00000,0x0000000713d00000)
  from space 1410560K, 0% used [0x0000000769e80000,0x0000000769e80000,0x00000007c0000000)
  to   space 1410560K, 0% used [0x0000000713d00000,0x0000000713d00000,0x0000000769e80000)
 ParOldGen       total 5415936K, used 4410251K [0x00000004b9000000, 0x0000000603900000, 0x00000006bdb00000)
  object space 5415936K, 81% used [0x00000004b9000000,0x00000005c62e2dc0,0x0000000603900000)
 Metaspace       used 153041K, capacity 157124K, committed 157312K, reserved 1181696K
  class space    used 24926K, capacity 25900K, committed 25984K, reserved 1048576K
GC Heap History (10 events):
Event: 69.788 GC heap after
Heap after GC invocations=45 (full 5):
 PSYoungGen      total 2821632K, used 1111505K [0x00000006bdb00000, 0x00000007c0000000, 0x00000007c0000000)
  eden space 1411072K, 0% used [0x00000006bdb00000,0x00000006bdb00000,0x0000000713d00000)
  from space 1410560K, 78% used [0x0000000769e80000,0x00000007adbf4770,0x00000007c0000000)
  to   space 1410560K, 0% used [0x0000000713d00000,0x0000000713d00000,0x0000000769e80000)
 ParOldGen       total 5415936K, used 3336923K [0x00000004b9000000, 0x0000000603900000, 0x00000006bdb00000)
  object space 5415936K, 61% used [0x00000004b9000000,0x0000000584ab6f08,0x0000000603900000)
 Metaspace       used 152689K, capacity 156694K, committed 156928K, reserved 1179648K
  class space    used 24825K, capacity 25739K, committed 25856K, reserved 1048576K
}
Event: 70.928 GC heap before
{Heap before GC invocations=46 (full 5):
 PSYoungGen      total 2821632K, used 2522577K [0x00000006bdb00000, 0x00000007c0000000, 0x00000007c0000000)
  eden space 1411072K, 100% used [0x00000006bdb00000,0x0000000713d00000,0x0000000713d00000)
  from space 1410560K, 78% used [0x0000000769e80000,0x00000007adbf4770,0x00000007c0000000)
  to   space 1410560K, 0% used [0x0000000713d00000,0x0000000713d00000,0x0000000769e80000)
 ParOldGen       total 5415936K, used 3336923K [0x00000004b9000000, 0x0000000603900000, 0x00000006bdb00000)
  object space 5415936K, 61% used [0x00000004b9000000,0x0000000584ab6f08,0x0000000603900000)
 Metaspace       used 152883K, capacity 156956K, committed 157184K, reserved 1181696K
  class space    used 24878K, capacity 25828K, committed 25856K, reserved 1048576K
Event: 71.295 GC heap after
Heap after GC invocations=46 (full 5):
 PSYoungGen      total 2821632K, used 1140704K [0x00000006bdb00000, 0x00000007c0000000, 0x00000007c0000000)
  eden space 1411072K, 0% used [0x00000006bdb00000,0x00000006bdb00000,0x0000000713d00000)
  from space 1410560K, 80% used [0x0000000713d00000,0x00000007596f8018,0x0000000769e80000)
  to   space 1410560K, 0% used [0x0000000769e80000,0x0000000769e80000,0x00000007c0000000)
 ParOldGen       total 5415936K, used 3560657K [0x00000004b9000000, 0x0000000603900000, 0x00000006bdb00000)
  object space 5415936K, 65% used [0x00000004b9000000,0x0000000592534588,0x0000000603900000)
 Metaspace       used 152883K, capacity 156956K, committed 157184K, reserved 1181696K
  class space    used 24878K, capacity 25828K, committed 25856K, reserved 1048576K
}
Event: 73.591 GC heap before
{Heap before GC invocations=47 (full 5):
 PSYoungGen      total 2821632K, used 2551776K [0x00000006bdb00000, 0x00000007c0000000, 0x00000007c0000000)
  eden space 1411072K, 100% used [0x00000006bdb00000,0x0000000713d00000,0x0000000713d00000)
  from space 1410560K, 80% used [0x0000000713d00000,0x00000007596f8018,0x0000000769e80000)
  to   space 1410560K, 0% used [0x0000000769e80000,0x0000000769e80000,0x00000007c0000000)
 ParOldGen       total 5415936K, used 3560657K [0x00000004b9000000, 0x0000000603900000, 0x00000006bdb00000)
  object space 5415936K, 65% used [0x00000004b9000000,0x0000000592534588,0x0000000603900000)
 Metaspace       used 152990K, capacity 157102K, committed 157312K, reserved 1181696K
  class space    used 24918K, capacity 25895K, committed 25984K, reserved 1048576K
Event: 73.903 GC heap after
Heap after GC invocations=47 (full 5):
 PSYoungGen      total 2821632K, used 1063689K [0x00000006bdb00000, 0x00000007c0000000, 0x00000007c0000000)
  eden space 1411072K, 0% used [0x00000006bdb00000,0x00000006bdb00000,0x0000000713d00000)
  from space 1410560K, 75% used [0x0000000769e80000,0x00000007aad42480,0x00000007c0000000)
  to   space 1410560K, 0% used [0x0000000713d00000,0x0000000713d00000,0x0000000769e80000)
 ParOldGen       total 5415936K, used 3792260K [0x00000004b9000000, 0x0000000603900000, 0x00000006bdb00000)
  object space 5415936K, 70% used [0x00000004b9000000,0x00000005a07610b8,0x0000000603900000)
 Metaspace       used 152990K, capacity 157102K, committed 157312K, reserved 1181696K
  class space    used 24918K, capacity 25895K, committed 25984K, reserved 1048576K
}
Event: 75.488 GC heap before
{Heap before GC invocations=48 (full 5):
 PSYoungGen      total 2821632K, used 2474761K [0x00000006bdb00000, 0x00000007c0000000, 0x00000007c0000000)
  eden space 1411072K, 100% used [0x00000006bdb00000,0x0000000713d00000,0x0000000713d00000)
  from space 1410560K, 75% used [0x0000000769e80000,0x00000007aad42480,0x00000007c0000000)
  to   space 1410560K, 0% used [0x0000000713d00000,0x0000000713d00000,0x0000000769e80000)
 ParOldGen       total 5415936K, used 3792260K [0x00000004b9000000, 0x0000000603900000, 0x00000006bdb00000)
  object space 5415936K, 70% used [0x00000004b9000000,0x00000005a07610b8,0x0000000603900000)
 Metaspace       used 153031K, capacity 157104K, committed 157312K, reserved 1181696K
  class space    used 24923K, capacity 25896K, committed 25984K, reserved 1048576K
Event: 75.938 GC heap after
Heap after GC invocations=48 (full 5):
 PSYoungGen      total 2821632K, used 577810K [0x00000006bdb00000, 0x00000007c0000000, 0x00000007c0000000)
  eden space 1411072K, 0% used [0x00000006bdb00000,0x00000006bdb00000,0x0000000713d00000)
  from space 1410560K, 40% used [0x0000000713d00000,0x0000000737144900,0x0000000769e80000)
  to   space 1410560K, 0% used [0x0000000769e80000,0x0000000769e80000,0x00000007c0000000)
 ParOldGen       total 5415936K, used 4411733K [0x00000004b9000000, 0x0000000603900000, 0x00000006bdb00000)
  object space 5415936K, 81% used [0x00000004b9000000,0x00000005c64556a8,0x0000000603900000)
 Metaspace       used 153031K, capacity 157104K, committed 157312K, reserved 1181696K
  class space    used 24923K, capacity 25896K, committed 25984K, reserved 1048576K
}
Event: 78.518 GC heap before
{Heap before GC invocations=49 (full 5):
 PSYoungGen      total 2821632K, used 1966030K [0x00000006bdb00000, 0x00000007c0000000, 0x00000007c0000000)
  eden space 1411072K, 98% used [0x00000006bdb00000,0x00000007126af198,0x0000000713d00000)
  from space 1410560K, 40% used [0x0000000713d00000,0x0000000737144900,0x0000000769e80000)
  to   space 1410560K, 0% used [0x0000000769e80000,0x0000000769e80000,0x00000007c0000000)
 ParOldGen       total 5415936K, used 4411733K [0x00000004b9000000, 0x0000000603900000, 0x00000006bdb00000)
  object space 5415936K, 81% used [0x00000004b9000000,0x00000005c64556a8,0x0000000603900000)
 Metaspace       used 153041K, capacity 157124K, committed 157312K, reserved 1181696K
  class space    used 24926K, capacity 25900K, committed 25984K, reserved 1048576K
Event: 80.960 GC heap after
Heap after GC invocations=49 (full 5):
 PSYoungGen      total 2821632K, used 588872K [0x00000006bdb00000, 0x00000007c0000000, 0x00000007c0000000)
  eden space 1411072K, 0% used [0x00000006bdb00000,0x00000006bdb00000,0x0000000713d00000)
  from space 1410560K, 41% used [0x0000000769e80000,0x000000078dd921f0,0x00000007c0000000)
  to   space 1410560K, 0% used [0x0000000713d00000,0x0000000713d00000,0x0000000769e80000)
 ParOldGen       total 5415936K, used 4972126K [0x00000004b9000000, 0x0000000603900000, 0x00000006bdb00000)
  object space 5415936K, 91% used [0x00000004b9000000,0x00000005e8797978,0x0000000603900000)
 Metaspace       used 153041K, capacity 157124K, committed 157312K, reserved 1181696K
  class space    used 24926K, capacity 25900K, committed 25984K, reserved 1048576K
}
Event: 80.967 GC heap before
{Heap before GC invocations=50 (full 6):
 PSYoungGen      total 2821632K, used 588872K [0x00000006bdb00000, 0x00000007c0000000, 0x00000007c0000000)
  eden space 1411072K, 0% used [0x00000006bdb00000,0x00000006bdb00000,0x0000000713d00000)
  from space 1410560K, 41% used [0x0000000769e80000,0x000000078dd921f0,0x00000007c0000000)
  to   space 1410560K, 0% used [0x0000000713d00000,0x0000000713d00000,0x0000000769e80000)
 ParOldGen       total 5415936K, used 4972126K [0x00000004b9000000, 0x0000000603900000, 0x00000006bdb00000)
  object space 5415936K, 91% used [0x00000004b9000000,0x00000005e8797978,0x0000000603900000)
 Metaspace       used 153041K, capacity 157124K, committed 157312K, reserved 1181696K
  class space    used 24926K, capacity 25900K, committed 25984K, reserved 1048576K

